Analysis & Elaboration report for ex17_top
Wed Dec 14 11:29:21 2016
Quartus Prime Version 16.0.0 Build 211 04/27/2016 SJ Standard Edition


---------------------
; Table of Contents ;
---------------------
  1. Legal Notice
  2. Analysis & Elaboration Summary
  3. Parallel Compilation
  4. Analysis & Elaboration IP Cores Summary
  5. Source assignments for echo:echo_block|fifo_10bit:fifo_10bit_block|scfifo:scfifo_component|scfifo_89d1:auto_generated|a_dpfifo_aib1:dpfifo|altsyncram_knp1:FIFOram
  6. Parameter Settings for User Entity Instance: clktick_16:GEN_10K
  7. Parameter Settings for User Entity Instance: spi2dac:SPI_DAC
  8. Parameter Settings for User Entity Instance: spi2adc:SPI_ADC
  9. Parameter Settings for User Entity Instance: echo:echo_block
 10. Parameter Settings for User Entity Instance: echo:echo_block|pulse_gen:pulse_gen_block
 11. Parameter Settings for User Entity Instance: echo:echo_block|fifo_10bit:fifo_10bit_block|scfifo:scfifo_component
 12. scfifo Parameter Settings by Entity Instance
 13. Analysis & Elaboration Settings
 14. Port Connectivity Checks: "hex_to_7seg:SEG2"
 15. Port Connectivity Checks: "echo:echo_block|fifo_10bit:fifo_10bit_block"
 16. Port Connectivity Checks: "spi2adc:SPI_ADC"
 17. Port Connectivity Checks: "clktick_16:GEN_10K"
 18. Analysis & Elaboration Messages



----------------
; Legal Notice ;
----------------
Copyright (C) 1991-2016 Altera Corporation. All rights reserved.
Your use of Altera Corporation's design tools, logic functions 
and other software and tools, and its AMPP partner logic 
functions, and any output files from any of the foregoing 
(including device programming or simulation files), and any 
associated documentation or information are expressly subject 
to the terms and conditions of the Altera Program License 
Subscription Agreement, the Altera Quartus Prime License Agreement,
the Altera MegaCore Function License Agreement, or other 
applicable license agreement, including, without limitation, 
that your use is for the sole purpose of programming logic 
devices manufactured by Altera and sold by Altera or its 
authorized distributors.  Please refer to the applicable 
agreement for further details.



+---------------------------------------------------------------------------------+
; Analysis & Elaboration Summary                                                  ;
+-------------------------------+-------------------------------------------------+
; Analysis & Elaboration Status ; Successful - Wed Dec 14 11:29:21 2016           ;
; Quartus Prime Version         ; 16.0.0 Build 211 04/27/2016 SJ Standard Edition ;
; Revision Name                 ; ex17_top                                        ;
; Top-level Entity Name         ; ex17_top                                        ;
; Family                        ; Cyclone V                                       ;
; Logic utilization (in ALMs)   ; N/A until Partition Merge                       ;
; Total registers               ; N/A until Partition Merge                       ;
; Total pins                    ; N/A until Partition Merge                       ;
; Total virtual pins            ; N/A until Partition Merge                       ;
; Total block memory bits       ; N/A until Partition Merge                       ;
; Total PLLs                    ; N/A until Partition Merge                       ;
; Total DLLs                    ; N/A until Partition Merge                       ;
+-------------------------------+-------------------------------------------------+


+------------------------------------------+
; Parallel Compilation                     ;
+----------------------------+-------------+
; Processors                 ; Number      ;
+----------------------------+-------------+
; Number detected on machine ; 8           ;
; Maximum allowed            ; 4           ;
;                            ;             ;
; Average used               ; 1.00        ;
; Maximum used               ; 1           ;
;                            ;             ;
; Usage by Processor         ; % Time Used ;
;     Processor 1            ; 100.0%      ;
+----------------------------+-------------+


+-----------------------------------------------------------------------------------------------------------------------------------------+
; Analysis & Elaboration IP Cores Summary                                                                                                 ;
+--------+--------------+---------+--------------+--------------+-------------------------------------------------------+-----------------+
; Vendor ; IP Core Name ; Version ; Release Date ; License Type ; Entity Instance                                       ; IP Include File ;
+--------+--------------+---------+--------------+--------------+-------------------------------------------------------+-----------------+
; Altera ; FIFO         ; 16.0    ; N/A          ; N/A          ; |ex17_top|echo:echo_block|fifo_10bit:fifo_10bit_block ; fifo_10bit.v    ;
+--------+--------------+---------+--------------+--------------+-------------------------------------------------------+-----------------+


+--------------------------------------------------------------------------------------------------------------------------------------------------------------------+
; Source assignments for echo:echo_block|fifo_10bit:fifo_10bit_block|scfifo:scfifo_component|scfifo_89d1:auto_generated|a_dpfifo_aib1:dpfifo|altsyncram_knp1:FIFOram ;
+---------------------------------+--------------------+------+------------------------------------------------------------------------------------------------------+
; Assignment                      ; Value              ; From ; To                                                                                                   ;
+---------------------------------+--------------------+------+------------------------------------------------------------------------------------------------------+
; OPTIMIZE_POWER_DURING_SYNTHESIS ; NORMAL_COMPILATION ; -    ; -                                                                                                    ;
+---------------------------------+--------------------+------+------------------------------------------------------------------------------------------------------+


+-----------------------------------------------------------------+
; Parameter Settings for User Entity Instance: clktick_16:GEN_10K ;
+----------------+-------+----------------------------------------+
; Parameter Name ; Value ; Type                                   ;
+----------------+-------+----------------------------------------+
; N_BIT          ; 16    ; Signed Integer                         ;
+----------------+-------+----------------------------------------+
Note: In order to hide this table in the UI and the text report file, please set the "Show Parameter Settings in Synthesis Report" option in "Analysis and Synthesis Settings -> More Settings" to "Off".


+--------------------------------------------------------------+
; Parameter Settings for User Entity Instance: spi2dac:SPI_DAC ;
+----------------+-------+-------------------------------------+
; Parameter Name ; Value ; Type                                ;
+----------------+-------+-------------------------------------+
; BUF            ; 1     ; Unsigned Binary                     ;
; GA_N           ; 1     ; Unsigned Binary                     ;
; SHDN_N         ; 1     ; Unsigned Binary                     ;
; TIME_CONSTANT  ; 11000 ; Unsigned Binary                     ;
; IDLE           ; 00    ; Unsigned Binary                     ;
; WAIT_CSB_FALL  ; 01    ; Unsigned Binary                     ;
; WAIT_CSB_HIGH  ; 10    ; Unsigned Binary                     ;
+----------------+-------+-------------------------------------+
Note: In order to hide this table in the UI and the text report file, please set the "Show Parameter Settings in Synthesis Report" option in "Analysis and Synthesis Settings -> More Settings" to "Off".


+--------------------------------------------------------------+
; Parameter Settings for User Entity Instance: spi2adc:SPI_ADC ;
+----------------+-------+-------------------------------------+
; Parameter Name ; Value ; Type                                ;
+----------------+-------+-------------------------------------+
; SGL            ; 1     ; Unsigned Binary                     ;
; MSBF           ; 1     ; Unsigned Binary                     ;
; TIME_CONSTANT  ; 11000 ; Unsigned Binary                     ;
; IDLE           ; 00    ; Unsigned Binary                     ;
; WAIT_CSB_FALL  ; 01    ; Unsigned Binary                     ;
; WAIT_CSB_HIGH  ; 10    ; Unsigned Binary                     ;
+----------------+-------+-------------------------------------+
Note: In order to hide this table in the UI and the text report file, please set the "Show Parameter Settings in Synthesis Report" option in "Analysis and Synthesis Settings -> More Settings" to "Off".


+--------------------------------------------------------------+
; Parameter Settings for User Entity Instance: echo:echo_block ;
+----------------+------------+--------------------------------+
; Parameter Name ; Value      ; Type                           ;
+----------------+------------+--------------------------------+
; ADC_OFFSET     ; 0110000001 ; Unsigned Binary                ;
; DAC_OFFSET     ; 1000000000 ; Unsigned Binary                ;
+----------------+------------+--------------------------------+
Note: In order to hide this table in the UI and the text report file, please set the "Show Parameter Settings in Synthesis Report" option in "Analysis and Synthesis Settings -> More Settings" to "Off".


+----------------------------------------------------------------------------------------+
; Parameter Settings for User Entity Instance: echo:echo_block|pulse_gen:pulse_gen_block ;
+----------------+-------+---------------------------------------------------------------+
; Parameter Name ; Value ; Type                                                          ;
+----------------+-------+---------------------------------------------------------------+
; IDLE           ; 00    ; Unsigned Binary                                               ;
; IN_HIGH        ; 01    ; Unsigned Binary                                               ;
; WAIT_LOW       ; 10    ; Unsigned Binary                                               ;
+----------------+-------+---------------------------------------------------------------+
Note: In order to hide this table in the UI and the text report file, please set the "Show Parameter Settings in Synthesis Report" option in "Analysis and Synthesis Settings -> More Settings" to "Off".


+------------------------------------------------------------------------------------------------------------------+
; Parameter Settings for User Entity Instance: echo:echo_block|fifo_10bit:fifo_10bit_block|scfifo:scfifo_component ;
+-------------------------+-------------+--------------------------------------------------------------------------+
; Parameter Name          ; Value       ; Type                                                                     ;
+-------------------------+-------------+--------------------------------------------------------------------------+
; AUTO_CARRY_CHAINS       ; ON          ; AUTO_CARRY                                                               ;
; IGNORE_CARRY_BUFFERS    ; OFF         ; IGNORE_CARRY                                                             ;
; AUTO_CASCADE_CHAINS     ; ON          ; AUTO_CASCADE                                                             ;
; IGNORE_CASCADE_BUFFERS  ; OFF         ; IGNORE_CASCADE                                                           ;
; lpm_width               ; 10          ; Signed Integer                                                           ;
; LPM_NUMWORDS            ; 8192        ; Signed Integer                                                           ;
; LPM_WIDTHU              ; 13          ; Signed Integer                                                           ;
; LPM_SHOWAHEAD           ; OFF         ; Untyped                                                                  ;
; UNDERFLOW_CHECKING      ; ON          ; Untyped                                                                  ;
; OVERFLOW_CHECKING       ; ON          ; Untyped                                                                  ;
; ALLOW_RWCYCLE_WHEN_FULL ; OFF         ; Untyped                                                                  ;
; ADD_RAM_OUTPUT_REGISTER ; ON          ; Untyped                                                                  ;
; ALMOST_FULL_VALUE       ; 0           ; Untyped                                                                  ;
; ALMOST_EMPTY_VALUE      ; 0           ; Untyped                                                                  ;
; ENABLE_ECC              ; FALSE       ; Untyped                                                                  ;
; USE_EAB                 ; ON          ; Untyped                                                                  ;
; MAXIMIZE_SPEED          ; 5           ; Untyped                                                                  ;
; DEVICE_FAMILY           ; Cyclone V   ; Untyped                                                                  ;
; OPTIMIZE_FOR_SPEED      ; 5           ; Untyped                                                                  ;
; CBXI_PARAMETER          ; scfifo_89d1 ; Untyped                                                                  ;
+-------------------------+-------------+--------------------------------------------------------------------------+
Note: In order to hide this table in the UI and the text report file, please set the "Show Parameter Settings in Synthesis Report" option in "Analysis and Synthesis Settings -> More Settings" to "Off".


+--------------------------------------------------------------------------------------------------+
; scfifo Parameter Settings by Entity Instance                                                     ;
+----------------------------+---------------------------------------------------------------------+
; Name                       ; Value                                                               ;
+----------------------------+---------------------------------------------------------------------+
; Number of entity instances ; 1                                                                   ;
; Entity Instance            ; echo:echo_block|fifo_10bit:fifo_10bit_block|scfifo:scfifo_component ;
;     -- FIFO Type           ; Single Clock                                                        ;
;     -- lpm_width           ; 10                                                                  ;
;     -- LPM_NUMWORDS        ; 8192                                                                ;
;     -- LPM_SHOWAHEAD       ; OFF                                                                 ;
;     -- USE_EAB             ; ON                                                                  ;
+----------------------------+---------------------------------------------------------------------+


+---------------------------------------------------------------------------------------------------------------------------+
; Analysis & Elaboration Settings                                                                                           ;
+---------------------------------------------------------------------------------+--------------------+--------------------+
; Option                                                                          ; Setting            ; Default Value      ;
+---------------------------------------------------------------------------------+--------------------+--------------------+
; Device                                                                          ; 5CSEMA5F31C6       ;                    ;
; Top-level entity name                                                           ; ex17_top           ; ex17_top           ;
; Family name                                                                     ; Cyclone V          ; Cyclone V          ;
; Use smart compilation                                                           ; Off                ; Off                ;
; Enable parallel Assembler and TimeQuest Timing Analyzer during compilation      ; On                 ; On                 ;
; Enable compact report table                                                     ; Off                ; Off                ;
; Restructure Multiplexers                                                        ; Auto               ; Auto               ;
; MLAB Add Timing Constraints For Mixed-Port Feed-Through Mode Setting Don't Care ; Off                ; Off                ;
; Create Debugging Nodes for IP Cores                                             ; Off                ; Off                ;
; Preserve fewer node names                                                       ; On                 ; On                 ;
; Disable OpenCore Plus hardware evaluation                                       ; Off                ; Off                ;
; Verilog Version                                                                 ; Verilog_2001       ; Verilog_2001       ;
; VHDL Version                                                                    ; VHDL_1993          ; VHDL_1993          ;
; State Machine Processing                                                        ; Auto               ; Auto               ;
; Safe State Machine                                                              ; Off                ; Off                ;
; Extract Verilog State Machines                                                  ; On                 ; On                 ;
; Extract VHDL State Machines                                                     ; On                 ; On                 ;
; Ignore Verilog initial constructs                                               ; Off                ; Off                ;
; Iteration limit for constant Verilog loops                                      ; 5000               ; 5000               ;
; Iteration limit for non-constant Verilog loops                                  ; 250                ; 250                ;
; Add Pass-Through Logic to Inferred RAMs                                         ; On                 ; On                 ;
; Infer RAMs from Raw Logic                                                       ; On                 ; On                 ;
; Parallel Synthesis                                                              ; On                 ; On                 ;
; DSP Block Balancing                                                             ; Auto               ; Auto               ;
; NOT Gate Push-Back                                                              ; On                 ; On                 ;
; Power-Up Don't Care                                                             ; On                 ; On                 ;
; Remove Redundant Logic Cells                                                    ; Off                ; Off                ;
; Remove Duplicate Registers                                                      ; On                 ; On                 ;
; Ignore CARRY Buffers                                                            ; Off                ; Off                ;
; Ignore CASCADE Buffers                                                          ; Off                ; Off                ;
; Ignore GLOBAL Buffers                                                           ; Off                ; Off                ;
; Ignore ROW GLOBAL Buffers                                                       ; Off                ; Off                ;
; Ignore LCELL Buffers                                                            ; Off                ; Off                ;
; Ignore SOFT Buffers                                                             ; On                 ; On                 ;
; Limit AHDL Integers to 32 Bits                                                  ; Off                ; Off                ;
; Optimization Technique                                                          ; Balanced           ; Balanced           ;
; Carry Chain Length                                                              ; 70                 ; 70                 ;
; Auto Carry Chains                                                               ; On                 ; On                 ;
; Auto Open-Drain Pins                                                            ; On                 ; On                 ;
; Perform WYSIWYG Primitive Resynthesis                                           ; Off                ; Off                ;
; Auto ROM Replacement                                                            ; On                 ; On                 ;
; Auto RAM Replacement                                                            ; On                 ; On                 ;
; Auto DSP Block Replacement                                                      ; On                 ; On                 ;
; Auto Shift Register Replacement                                                 ; Auto               ; Auto               ;
; Allow Shift Register Merging across Hierarchies                                 ; Auto               ; Auto               ;
; Auto Clock Enable Replacement                                                   ; On                 ; On                 ;
; Strict RAM Replacement                                                          ; Off                ; Off                ;
; Allow Synchronous Control Signals                                               ; On                 ; On                 ;
; Force Use of Synchronous Clear Signals                                          ; Off                ; Off                ;
; Auto Resource Sharing                                                           ; Off                ; Off                ;
; Allow Any RAM Size For Recognition                                              ; Off                ; Off                ;
; Allow Any ROM Size For Recognition                                              ; Off                ; Off                ;
; Allow Any Shift Register Size For Recognition                                   ; Off                ; Off                ;
; Use LogicLock Constraints during Resource Balancing                             ; On                 ; On                 ;
; Ignore translate_off and synthesis_off directives                               ; Off                ; Off                ;
; Timing-Driven Synthesis                                                         ; On                 ; On                 ;
; Report Parameter Settings                                                       ; On                 ; On                 ;
; Report Source Assignments                                                       ; On                 ; On                 ;
; Report Connectivity Checks                                                      ; On                 ; On                 ;
; Ignore Maximum Fan-Out Assignments                                              ; Off                ; Off                ;
; Synchronization Register Chain Length                                           ; 3                  ; 3                  ;
; PowerPlay Power Optimization During Synthesis                                   ; Normal compilation ; Normal compilation ;
; HDL message level                                                               ; Level2             ; Level2             ;
; Suppress Register Optimization Related Messages                                 ; Off                ; Off                ;
; Number of Removed Registers Reported in Synthesis Report                        ; 5000               ; 5000               ;
; Number of Swept Nodes Reported in Synthesis Report                              ; 5000               ; 5000               ;
; Number of Inverted Registers Reported in Synthesis Report                       ; 100                ; 100                ;
; Clock MUX Protection                                                            ; On                 ; On                 ;
; Auto Gated Clock Conversion                                                     ; Off                ; Off                ;
; Block Design Naming                                                             ; Auto               ; Auto               ;
; SDC constraint protection                                                       ; Off                ; Off                ;
; Synthesis Effort                                                                ; Auto               ; Auto               ;
; Shift Register Replacement - Allow Asynchronous Clear Signal                    ; On                 ; On                 ;
; Pre-Mapping Resynthesis Optimization                                            ; Off                ; Off                ;
; Analysis & Synthesis Message Level                                              ; Medium             ; Medium             ;
; Disable Register Merging Across Hierarchies                                     ; Auto               ; Auto               ;
; Resource Aware Inference For Block RAM                                          ; On                 ; On                 ;
; Synthesis Seed                                                                  ; 1                  ; 1                  ;
; Automatic Parallel Synthesis                                                    ; On                 ; On                 ;
; Partial Reconfiguration Bitstream ID                                            ; Off                ; Off                ;
+---------------------------------------------------------------------------------+--------------------+--------------------+


+----------------------------------------------+
; Port Connectivity Checks: "hex_to_7seg:SEG2" ;
+----------+-------+----------+----------------+
; Port     ; Type  ; Severity ; Details        ;
+----------+-------+----------+----------------+
; in[3..2] ; Input ; Info     ; Stuck at GND   ;
+----------+-------+----------+----------------+


+----------------------------------------------------------------------------------------------------------------+
; Port Connectivity Checks: "echo:echo_block|fifo_10bit:fifo_10bit_block"                                        ;
+------+--------+----------+-------------------------------------------------------------------------------------+
; Port ; Type   ; Severity ; Details                                                                             ;
+------+--------+----------+-------------------------------------------------------------------------------------+
; q[0] ; Output ; Info     ; Connected to dangling logic. Logic that only feeds a dangling port will be removed. ;
+------+--------+----------+-------------------------------------------------------------------------------------+


+---------------------------------------------+
; Port Connectivity Checks: "spi2adc:SPI_ADC" ;
+---------+-------+----------+----------------+
; Port    ; Type  ; Severity ; Details        ;
+---------+-------+----------+----------------+
; channel ; Input ; Info     ; Stuck at VCC   ;
+---------+-------+----------+----------------+


+------------------------------------------------+
; Port Connectivity Checks: "clktick_16:GEN_10K" ;
+-----------+-------+----------+-----------------+
; Port      ; Type  ; Severity ; Details         ;
+-----------+-------+----------+-----------------+
; enable    ; Input ; Info     ; Stuck at VCC    ;
; N[9..7]   ; Input ; Info     ; Stuck at VCC    ;
; N[2..0]   ; Input ; Info     ; Stuck at VCC    ;
; N[15..13] ; Input ; Info     ; Stuck at GND    ;
; N[11..10] ; Input ; Info     ; Stuck at GND    ;
; N[6..3]   ; Input ; Info     ; Stuck at GND    ;
; N[12]     ; Input ; Info     ; Stuck at VCC    ;
+-----------+-------+----------+-----------------+


+---------------------------------+
; Analysis & Elaboration Messages ;
+---------------------------------+
Info: *******************************************************************
Info: Running Quartus Prime Analysis & Elaboration
    Info: Version 16.0.0 Build 211 04/27/2016 SJ Standard Edition
    Info: Processing started: Wed Dec 14 11:29:11 2016
Info: Command: quartus_map --read_settings_files=on --write_settings_files=off ex17 -c ex17_top --analysis_and_elaboration
Warning (18236): Number of processors has not been specified which may cause overloading on shared machines.  Set the global assignment NUM_PARALLEL_PROCESSORS in your QSF to an appropriate value for best performance.
Info (20030): Parallel compilation is enabled and will use 4 of the 4 processors detected
Info (12021): Found 1 design units, including 1 entities, in source file pulse_gen.v
    Info (12023): Found entity 1: pulse_gen File: C:/Verilog_Lab/part_4/ex17/pulse_gen.v Line: 9
Info (12021): Found 1 design units, including 1 entities, in source file spi2dac.v
    Info (12023): Found entity 1: spi2dac File: C:/Verilog_Lab/part_4/ex17/spi2dac.v Line: 9
Info (12021): Found 1 design units, including 1 entities, in source file spi2adc.v
    Info (12023): Found entity 1: spi2adc File: C:/Verilog_Lab/part_4/ex17/spi2adc.v Line: 9
Info (12021): Found 1 design units, including 1 entities, in source file pwm.v
    Info (12023): Found entity 1: pwm File: C:/Verilog_Lab/part_4/ex17/pwm.v Line: 1
Info (12021): Found 1 design units, including 1 entities, in source file hex_to_7seg.v
    Info (12023): Found entity 1: hex_to_7seg File: C:/Verilog_Lab/part_4/ex17/hex_to_7seg.v Line: 10
Info (12021): Found 1 design units, including 1 entities, in source file clktick_16.v
    Info (12023): Found entity 1: clktick_16 File: C:/Verilog_Lab/part_4/ex17/clktick_16.v Line: 6
Info (12021): Found 1 design units, including 1 entities, in source file ex17_top.v
    Info (12023): Found entity 1: ex17_top File: C:/Verilog_Lab/part_4/ex17/ex17_top.v Line: 1
Info (12021): Found 1 design units, including 1 entities, in source file fifo_10bit.v
    Info (12023): Found entity 1: fifo_10bit File: C:/Verilog_Lab/part_4/ex17/fifo_10bit.v Line: 40
Info (12021): Found 1 design units, including 1 entities, in source file echo.v
    Info (12023): Found entity 1: echo File: C:/Verilog_Lab/part_4/ex17/echo.v Line: 1
Info (12127): Elaborating entity "ex17_top" for the top level hierarchy
Info (12128): Elaborating entity "clktick_16" for hierarchy "clktick_16:GEN_10K" File: C:/Verilog_Lab/part_4/ex17/ex17_top.v Line: 25
Info (12128): Elaborating entity "spi2dac" for hierarchy "spi2dac:SPI_DAC" File: C:/Verilog_Lab/part_4/ex17/ex17_top.v Line: 27
Info (12128): Elaborating entity "pwm" for hierarchy "pwm:PWM_DC" File: C:/Verilog_Lab/part_4/ex17/ex17_top.v Line: 28
Info (12128): Elaborating entity "spi2adc" for hierarchy "spi2adc:SPI_ADC" File: C:/Verilog_Lab/part_4/ex17/ex17_top.v Line: 39
Info (12128): Elaborating entity "echo" for hierarchy "echo:echo_block" File: C:/Verilog_Lab/part_4/ex17/ex17_top.v Line: 42
Info (12128): Elaborating entity "pulse_gen" for hierarchy "echo:echo_block|pulse_gen:pulse_gen_block" File: C:/Verilog_Lab/part_4/ex17/echo.v Line: 19
Info (12128): Elaborating entity "fifo_10bit" for hierarchy "echo:echo_block|fifo_10bit:fifo_10bit_block" File: C:/Verilog_Lab/part_4/ex17/echo.v Line: 27
Info (12128): Elaborating entity "scfifo" for hierarchy "echo:echo_block|fifo_10bit:fifo_10bit_block|scfifo:scfifo_component" File: C:/Verilog_Lab/part_4/ex17/fifo_10bit.v Line: 73
Info (12130): Elaborated megafunction instantiation "echo:echo_block|fifo_10bit:fifo_10bit_block|scfifo:scfifo_component" File: C:/Verilog_Lab/part_4/ex17/fifo_10bit.v Line: 73
Info (12133): Instantiated megafunction "echo:echo_block|fifo_10bit:fifo_10bit_block|scfifo:scfifo_component" with the following parameter: File: C:/Verilog_Lab/part_4/ex17/fifo_10bit.v Line: 73
    Info (12134): Parameter "add_ram_output_register" = "ON"
    Info (12134): Parameter "intended_device_family" = "Cyclone V"
    Info (12134): Parameter "lpm_hint" = "RAM_BLOCK_TYPE=M10K"
    Info (12134): Parameter "lpm_numwords" = "8192"
    Info (12134): Parameter "lpm_showahead" = "OFF"
    Info (12134): Parameter "lpm_type" = "scfifo"
    Info (12134): Parameter "lpm_width" = "10"
    Info (12134): Parameter "lpm_widthu" = "13"
    Info (12134): Parameter "overflow_checking" = "ON"
    Info (12134): Parameter "underflow_checking" = "ON"
    Info (12134): Parameter "use_eab" = "ON"
Info (12021): Found 1 design units, including 1 entities, in source file db/scfifo_89d1.tdf
    Info (12023): Found entity 1: scfifo_89d1 File: C:/Verilog_Lab/part_4/ex17/db/scfifo_89d1.tdf Line: 25
Info (12128): Elaborating entity "scfifo_89d1" for hierarchy "echo:echo_block|fifo_10bit:fifo_10bit_block|scfifo:scfifo_component|scfifo_89d1:auto_generated" File: c:/altera/16.0/quartus/libraries/megafunctions/scfifo.tdf Line: 300
Info (12021): Found 1 design units, including 1 entities, in source file db/a_dpfifo_aib1.tdf
    Info (12023): Found entity 1: a_dpfifo_aib1 File: C:/Verilog_Lab/part_4/ex17/db/a_dpfifo_aib1.tdf Line: 33
Info (12128): Elaborating entity "a_dpfifo_aib1" for hierarchy "echo:echo_block|fifo_10bit:fifo_10bit_block|scfifo:scfifo_component|scfifo_89d1:auto_generated|a_dpfifo_aib1:dpfifo" File: C:/Verilog_Lab/part_4/ex17/db/scfifo_89d1.tdf Line: 35
Info (12021): Found 1 design units, including 1 entities, in source file db/altsyncram_knp1.tdf
    Info (12023): Found entity 1: altsyncram_knp1 File: C:/Verilog_Lab/part_4/ex17/db/altsyncram_knp1.tdf Line: 28
Info (12128): Elaborating entity "altsyncram_knp1" for hierarchy "echo:echo_block|fifo_10bit:fifo_10bit_block|scfifo:scfifo_component|scfifo_89d1:auto_generated|a_dpfifo_aib1:dpfifo|altsyncram_knp1:FIFOram" File: C:/Verilog_Lab/part_4/ex17/db/a_dpfifo_aib1.tdf Line: 44
Info (12021): Found 1 design units, including 1 entities, in source file db/cmpr_jm8.tdf
    Info (12023): Found entity 1: cmpr_jm8 File: C:/Verilog_Lab/part_4/ex17/db/cmpr_jm8.tdf Line: 23
Info (12128): Elaborating entity "cmpr_jm8" for hierarchy "echo:echo_block|fifo_10bit:fifo_10bit_block|scfifo:scfifo_component|scfifo_89d1:auto_generated|a_dpfifo_aib1:dpfifo|cmpr_jm8:almost_full_comparer" File: C:/Verilog_Lab/part_4/ex17/db/a_dpfifo_aib1.tdf Line: 52
Info (12128): Elaborating entity "cmpr_jm8" for hierarchy "echo:echo_block|fifo_10bit:fifo_10bit_block|scfifo:scfifo_component|scfifo_89d1:auto_generated|a_dpfifo_aib1:dpfifo|cmpr_jm8:two_comparison" File: C:/Verilog_Lab/part_4/ex17/db/a_dpfifo_aib1.tdf Line: 53
Info (12021): Found 1 design units, including 1 entities, in source file db/cntr_u3b.tdf
    Info (12023): Found entity 1: cntr_u3b File: C:/Verilog_Lab/part_4/ex17/db/cntr_u3b.tdf Line: 26
Info (12128): Elaborating entity "cntr_u3b" for hierarchy "echo:echo_block|fifo_10bit:fifo_10bit_block|scfifo:scfifo_component|scfifo_89d1:auto_generated|a_dpfifo_aib1:dpfifo|cntr_u3b:rd_ptr_msb" File: C:/Verilog_Lab/part_4/ex17/db/a_dpfifo_aib1.tdf Line: 54
Info (12021): Found 1 design units, including 1 entities, in source file db/cntr_b47.tdf
    Info (12023): Found entity 1: cntr_b47 File: C:/Verilog_Lab/part_4/ex17/db/cntr_b47.tdf Line: 26
Info (12128): Elaborating entity "cntr_b47" for hierarchy "echo:echo_block|fifo_10bit:fifo_10bit_block|scfifo:scfifo_component|scfifo_89d1:auto_generated|a_dpfifo_aib1:dpfifo|cntr_b47:usedw_counter" File: C:/Verilog_Lab/part_4/ex17/db/a_dpfifo_aib1.tdf Line: 55
Info (12021): Found 1 design units, including 1 entities, in source file db/cntr_v3b.tdf
    Info (12023): Found entity 1: cntr_v3b File: C:/Verilog_Lab/part_4/ex17/db/cntr_v3b.tdf Line: 26
Info (12128): Elaborating entity "cntr_v3b" for hierarchy "echo:echo_block|fifo_10bit:fifo_10bit_block|scfifo:scfifo_component|scfifo_89d1:auto_generated|a_dpfifo_aib1:dpfifo|cntr_v3b:wr_ptr" File: C:/Verilog_Lab/part_4/ex17/db/a_dpfifo_aib1.tdf Line: 56
Info (12128): Elaborating entity "hex_to_7seg" for hierarchy "hex_to_7seg:SEG0" File: C:/Verilog_Lab/part_4/ex17/ex17_top.v Line: 46
Info: Quartus Prime Analysis & Elaboration was successful. 0 errors, 1 warning
    Info: Peak virtual memory: 855 megabytes
    Info: Processing ended: Wed Dec 14 11:29:21 2016
    Info: Elapsed time: 00:00:10
    Info: Total CPU time (on all processors): 00:00:21


